<?xml version="1.0" encoding="UTF-8"?>
<!-- Generated by org.testng.reporters.JUnitReportReporter -->
<testsuite skipped="0" hostname="CSCINDAH503788" name="Report1.SmartReport1.DownloadReport1" tests="1" failures="0" timestamp="06 Feb 2018 19:59:37 GMT" time="20.747" errors="0">
  <testcase name="cpaReport" time="20.747" classname="Report1.SmartReport1.DownloadReport1"/>
</testsuite> <!-- Report1.SmartReport1.DownloadReport1 -->
